<?xml version="1.0" encoding="UTF-8"?>
<!-- Generated by org.testng.reporters.JUnitReportReporter -->
<testsuite skipped="0" hostname="LAPTOP-D0CIFDTL" name="mukeshOtwani.DownloadFile" tests="1" failures="0" timestamp="2022-11-03T07:20:18 IST" time="0.254" errors="0">
  <testcase name="uploadFile" time="0.254" classname="mukeshOtwani.DownloadFile"/>
  <system-out/>
</testsuite> <!-- mukeshOtwani.DownloadFile -->
