<?xml version="1.0" encoding="UTF-8"?>
<!-- Generated by org.testng.reporters.JUnitReportReporter -->
<testsuite skipped="0" hostname="LAPTOP-D0CIFDTL" name="mukeshOtwani.FileUploadExample_Parameter" tests="1" failures="0" timestamp="2022-11-02T22:34:02 IST" time="11.507" errors="0">
  <testcase name="uploadFile" time="11.507" classname="mukeshOtwani.FileUploadExample_Parameter"/>
  <system-out/>
</testsuite> <!-- mukeshOtwani.FileUploadExample_Parameter -->
