<?xml version="1.0" encoding="UTF-8"?>
<!-- Generated by org.testng.reporters.JUnitReportReporter -->
<testsuite skipped="0" hostname="LAPTOP-D0CIFDTL" name="mukeshOtwani.FileUploadExample" tests="1" failures="0" timestamp="2022-11-02T22:29:34 IST" time="10.221" errors="0">
  <testcase name="uploadFile" time="10.221" classname="mukeshOtwani.FileUploadExample"/>
  <system-out/>
</testsuite> <!-- mukeshOtwani.FileUploadExample -->
