<?xml version="1.0" encoding="UTF-8"?>
<!-- Generated by org.testng.reporters.JUnitReportReporter -->
<testsuite hostname="MONO-HYD-LAP-12" name="otherActions.WaitForOpenToWindow" tests="1" failures="0" timestamp="22 Oct 2019 12:31:44 GMT" time="0.316" errors="0">
  <testcase name="f" time="0.316" classname="otherActions.WaitForOpenToWindow"/>
</testsuite> <!-- otherActions.WaitForOpenToWindow -->
