<?xml version="1.0" encoding="UTF-8"?>
<!-- Generated by org.testng.reporters.JUnitReportReporter -->
<testsuite hostname="MONO-HYD-LAP-12" name="otherActions.FileUploadExample_Parameter" tests="1" failures="0" timestamp="22 Oct 2019 18:20:34 GMT" time="16.377" errors="0">
  <testcase name="uploadFile" time="16.377" classname="otherActions.FileUploadExample_Parameter"/>
</testsuite> <!-- otherActions.FileUploadExample_Parameter -->
