<?xml version="1.0" encoding="UTF-8"?>
<!-- Generated by org.testng.reporters.JUnitReportReporter -->
<testsuite hostname="MONO-HYD-LAP-12" name="otherActions.OpenNotepad" tests="1" failures="0" timestamp="11 Nov 2019 06:56:05 GMT" time="0.355" errors="0">
  <testcase name="f" time="0.355" classname="otherActions.OpenNotepad"/>
</testsuite> <!-- otherActions.OpenNotepad -->
